{"name":"hexo","hostname":"AppledeMacBook-Air-6.local","pid":5750,"level":20,"msg":"Hexo version: \u001b[35m3.2.2\u001b[39m","time":"2018-03-10T04:33:22.664Z","v":0}
{"name":"hexo","hostname":"AppledeMacBook-Air-6.local","pid":5750,"level":20,"msg":"Working directory: \u001b[35m~/Documents/blog/\u001b[39m","time":"2018-03-10T04:33:22.669Z","v":0}
{"name":"hexo","hostname":"AppledeMacBook-Air-6.local","pid":5750,"level":20,"msg":"Config loaded: \u001b[35m~/Documents/blog/_config.yml\u001b[39m","time":"2018-03-10T04:33:23.313Z","v":0}
{"name":"hexo","hostname":"AppledeMacBook-Air-6.local","pid":5750,"level":20,"msg":"Plugin loaded: \u001b[35mhexo-generator-category\u001b[39m","time":"2018-03-10T04:33:23.376Z","v":0}
{"name":"hexo","hostname":"AppledeMacBook-Air-6.local","pid":5750,"level":20,"msg":"Plugin loaded: \u001b[35mhexo-generator-archive\u001b[39m","time":"2018-03-10T04:33:23.402Z","v":0}
{"name":"hexo","hostname":"AppledeMacBook-Air-6.local","pid":5750,"level":20,"msg":"Plugin loaded: \u001b[35mhexo-deployer-git\u001b[39m","time":"2018-03-10T04:33:24.815Z","v":0}
{"name":"hexo","hostname":"AppledeMacBook-Air-6.local","pid":5750,"level":20,"msg":"Plugin loaded: \u001b[35mhexo-generator-index\u001b[39m","time":"2018-03-10T04:33:24.841Z","v":0}
{"name":"hexo","hostname":"AppledeMacBook-Air-6.local","pid":5750,"level":20,"msg":"Plugin loaded: \u001b[35mhexo-generator-tag\u001b[39m","time":"2018-03-10T04:33:24.867Z","v":0}
{"name":"hexo","hostname":"AppledeMacBook-Air-6.local","pid":5750,"level":20,"msg":"Plugin loaded: \u001b[35mhexo-renderer-marked\u001b[39m","time":"2018-03-10T04:33:25.266Z","v":0}
{"name":"hexo","hostname":"AppledeMacBook-Air-6.local","pid":5750,"level":20,"msg":"Plugin loaded: \u001b[35mhexo-renderer-ejs\u001b[39m","time":"2018-03-10T04:33:25.292Z","v":0}
{"name":"hexo","hostname":"AppledeMacBook-Air-6.local","pid":5750,"level":20,"msg":"Plugin loaded: \u001b[35mhexo-renderer-sass\u001b[39m","time":"2018-03-10T04:33:25.480Z","v":0}
{"name":"hexo","hostname":"AppledeMacBook-Air-6.local","pid":5750,"level":20,"msg":"Plugin loaded: \u001b[35mhexo-server\u001b[39m","time":"2018-03-10T04:33:26.219Z","v":0}
{"name":"hexo","hostname":"AppledeMacBook-Air-6.local","pid":5750,"level":20,"msg":"Plugin loaded: \u001b[35mhexo-renderer-stylus\u001b[39m","time":"2018-03-10T04:33:26.224Z","v":0}
{"name":"hexo","hostname":"AppledeMacBook-Air-6.local","pid":5750,"level":20,"msg":"Plugin loaded: \u001b[35mhexo-util\u001b[39m","time":"2018-03-10T04:33:26.226Z","v":0}
{"name":"hexo","hostname":"AppledeMacBook-Air-6.local","pid":5750,"level":20,"msg":"Loading database.","time":"2018-03-10T04:33:26.248Z","v":0}
{"name":"hexo","hostname":"AppledeMacBook-Air-6.local","pid":5750,"level":30,"msg":"Start processing","time":"2018-03-10T04:33:26.317Z","v":0}
{"name":"hexo","hostname":"AppledeMacBook-Air-6.local","pid":5750,"level":20,"msg":"Processed: \u001b[35mCNAME\u001b[39m","time":"2018-03-10T04:33:26.350Z","v":0}
{"name":"hexo","hostname":"AppledeMacBook-Air-6.local","pid":5750,"level":20,"msg":"Processed: \u001b[35m_posts/和顺.md\u001b[39m","time":"2018-03-10T04:33:26.410Z","v":0}
{"name":"hexo","hostname":"AppledeMacBook-Air-6.local","pid":5750,"level":20,"msg":"Processed: \u001b[35m_posts/岘港.md\u001b[39m","time":"2018-03-10T04:33:26.410Z","v":0}
{"name":"hexo","hostname":"AppledeMacBook-Air-6.local","pid":5750,"level":20,"msg":"Processed: \u001b[35m_posts/会安.md\u001b[39m","time":"2018-03-10T04:33:26.410Z","v":0}
{"name":"hexo","hostname":"AppledeMacBook-Air-6.local","pid":5750,"level":20,"msg":"Processed: \u001b[35m_posts/微笑的尼泊尔人.md\u001b[39m","time":"2018-03-10T04:33:26.410Z","v":0}
{"name":"hexo","hostname":"AppledeMacBook-Air-6.local","pid":5750,"level":20,"msg":"Processed: \u001b[35m_posts/幸福的尼泊尔人.md\u001b[39m","time":"2018-03-10T04:33:26.410Z","v":0}
{"name":"hexo","hostname":"AppledeMacBook-Air-6.local","pid":5750,"level":20,"msg":"Processed: \u001b[35m_posts/洋畴湾.md\u001b[39m","time":"2018-03-10T04:33:26.411Z","v":0}
{"name":"hexo","hostname":"AppledeMacBook-Air-6.local","pid":5750,"level":20,"msg":"Processed: \u001b[35m_posts/河内.md\u001b[39m","time":"2018-03-10T04:33:26.411Z","v":0}
{"name":"hexo","hostname":"AppledeMacBook-Air-6.local","pid":5750,"level":20,"msg":"Processed: \u001b[35m_posts/腾格里.md\u001b[39m","time":"2018-03-10T04:33:26.411Z","v":0}
{"name":"hexo","hostname":"AppledeMacBook-Air-6.local","pid":5750,"level":20,"msg":"Processed: \u001b[35m_posts/胡志明市.md\u001b[39m","time":"2018-03-10T04:33:26.411Z","v":0}
{"name":"hexo","hostname":"AppledeMacBook-Air-6.local","pid":5750,"level":20,"msg":"Processed: \u001b[35mceshi/index.md\u001b[39m","time":"2018-03-10T04:33:26.411Z","v":0}
{"name":"hexo","hostname":"AppledeMacBook-Air-6.local","pid":5750,"level":20,"msg":"Processed: \u001b[35msource/css/debug.log\u001b[39m","time":"2018-03-10T04:33:26.423Z","v":0}
{"name":"hexo","hostname":"AppledeMacBook-Air-6.local","pid":5750,"level":20,"msg":"Theme config loaded.","time":"2018-03-10T04:33:26.514Z","v":0}
{"name":"hexo","hostname":"AppledeMacBook-Air-6.local","pid":5750,"level":20,"msg":"Processed: \u001b[35m_config.yml\u001b[39m","time":"2018-03-10T04:33:26.516Z","v":0}
{"name":"hexo","hostname":"AppledeMacBook-Air-6.local","pid":5750,"level":20,"msg":"Processed: \u001b[35msource/css/style.styl\u001b[39m","time":"2018-03-10T04:33:26.518Z","v":0}
{"name":"hexo","hostname":"AppledeMacBook-Air-6.local","pid":5750,"level":20,"msg":"Processed: \u001b[35mlayout/layout.ejs\u001b[39m","time":"2018-03-10T04:33:26.521Z","v":0}
{"name":"hexo","hostname":"AppledeMacBook-Air-6.local","pid":5750,"level":20,"msg":"Processed: \u001b[35mlayout/debug.log\u001b[39m","time":"2018-03-10T04:33:26.522Z","v":0}
{"name":"hexo","hostname":"AppledeMacBook-Air-6.local","pid":5750,"level":20,"msg":"Processed: \u001b[35mlayout/.DS_Store\u001b[39m","time":"2018-03-10T04:33:26.522Z","v":0}
{"name":"hexo","hostname":"AppledeMacBook-Air-6.local","pid":5750,"level":20,"msg":"Processed: \u001b[35mlayout/index.ejs\u001b[39m","time":"2018-03-10T04:33:26.522Z","v":0}
{"name":"hexo","hostname":"AppledeMacBook-Air-6.local","pid":5750,"level":20,"msg":"Processed: \u001b[35mlayout/_partial/.DS_Store\u001b[39m","time":"2018-03-10T04:33:26.528Z","v":0}
{"name":"hexo","hostname":"AppledeMacBook-Air-6.local","pid":5750,"level":20,"msg":"Processed: \u001b[35mlayout/_partial/head.ejs\u001b[39m","time":"2018-03-10T04:33:26.528Z","v":0}
{"name":"hexo","hostname":"AppledeMacBook-Air-6.local","pid":5750,"level":20,"msg":"Processed: \u001b[35mlayout/_partial/header.ejs\u001b[39m","time":"2018-03-10T04:33:26.529Z","v":0}
{"name":"hexo","hostname":"AppledeMacBook-Air-6.local","pid":5750,"level":20,"msg":"Processed: \u001b[35mlayout/_partial/post.style\u001b[39m","time":"2018-03-10T04:33:26.529Z","v":0}
{"name":"hexo","hostname":"AppledeMacBook-Air-6.local","pid":5750,"level":20,"msg":"Processed: \u001b[35mlayout/_partial/header.styl\u001b[39m","time":"2018-03-10T04:33:26.529Z","v":0}
{"name":"hexo","hostname":"AppledeMacBook-Air-6.local","pid":5750,"level":20,"msg":"Processed: \u001b[35mlayout/_partial/debug.log\u001b[39m","time":"2018-03-10T04:33:26.529Z","v":0}
{"name":"hexo","hostname":"AppledeMacBook-Air-6.local","pid":5750,"level":20,"msg":"Processed: \u001b[35mlayout/head.ejs\u001b[39m","time":"2018-03-10T04:33:26.530Z","v":0}
{"name":"hexo","hostname":"AppledeMacBook-Air-6.local","pid":5750,"level":20,"msg":"Generator: \u001b[35mpage\u001b[39m","time":"2018-03-10T04:33:26.591Z","v":0}
{"name":"hexo","hostname":"AppledeMacBook-Air-6.local","pid":5750,"level":20,"msg":"Generator: \u001b[35mpost\u001b[39m","time":"2018-03-10T04:33:26.596Z","v":0}
{"name":"hexo","hostname":"AppledeMacBook-Air-6.local","pid":5750,"level":20,"msg":"Generator: \u001b[35mcategory\u001b[39m","time":"2018-03-10T04:33:26.596Z","v":0}
{"name":"hexo","hostname":"AppledeMacBook-Air-6.local","pid":5750,"level":20,"msg":"Generator: \u001b[35marchive\u001b[39m","time":"2018-03-10T04:33:26.597Z","v":0}
{"name":"hexo","hostname":"AppledeMacBook-Air-6.local","pid":5750,"level":20,"msg":"Generator: \u001b[35mindex\u001b[39m","time":"2018-03-10T04:33:26.598Z","v":0}
{"name":"hexo","hostname":"AppledeMacBook-Air-6.local","pid":5750,"level":20,"msg":"Generator: \u001b[35mtag\u001b[39m","time":"2018-03-10T04:33:26.598Z","v":0}
{"name":"hexo","hostname":"AppledeMacBook-Air-6.local","pid":5750,"level":20,"msg":"Generator: \u001b[35masset\u001b[39m","time":"2018-03-10T04:33:26.600Z","v":0}
{"name":"hexo","hostname":"AppledeMacBook-Air-6.local","pid":5750,"level":30,"msg":"Hexo is running at \u001b[4mhttp://localhost:4000/\u001b[24m. Press Ctrl+C to stop.","time":"2018-03-10T04:33:26.622Z","v":0}
{"name":"hexo","hostname":"AppledeMacBook-Air-6.local","pid":5750,"level":20,"msg":"Database saved","time":"2018-03-10T04:33:26.640Z","v":0}
{"name":"hexo","hostname":"AppledeMacBook-Air-6.local","pid":5750,"level":20,"msg":"Rendering index: \u001b[35mindex.html\u001b[39m","time":"2018-03-10T04:33:31.563Z","v":0}
{"name":"hexo","hostname":"AppledeMacBook-Air-6.local","pid":5750,"level":50,"err":{"message":"/Users/apple/Documents/blog/themes/theme-example/source/css/style.styl:12:9\n    8|   max-width: 960px;\n    9|   margin: 0 auto;\n   10| }\n   11| \n   12| @import \"layout/_partial/header\";\n---------------^\n   13| @import \"layout/_partial/post\";\n   14| \n\nfailed to locate @import file layout/_partial/header.styl\n","name":"Error","stack":"Error: /Users/apple/Documents/blog/themes/theme-example/source/css/style.styl:12:9\n    8|   max-width: 960px;\n    9|   margin: 0 auto;\n   10| }\n   11| \n   12| @import \"layout/_partial/header\";\n---------------^\n   13| @import \"layout/_partial/post\";\n   14| \n\nfailed to locate @import file layout/_partial/header.styl\n\n    at Evaluator.visitImport (/Users/apple/Documents/blog/node_modules/hexo-renderer-stylus/node_modules/stylus/lib/visitor/evaluator.js:915:21)\n    at Evaluator.Visitor.visit (/Users/apple/Documents/blog/node_modules/hexo-renderer-stylus/node_modules/stylus/lib/visitor/index.js:28:40)\n    at Evaluator.visit (/Users/apple/Documents/blog/node_modules/hexo-renderer-stylus/node_modules/stylus/lib/visitor/evaluator.js:160:18)\n    at Evaluator.visitRoot (/Users/apple/Documents/blog/node_modules/hexo-renderer-stylus/node_modules/stylus/lib/visitor/evaluator.js:707:27)\n    at Evaluator.Visitor.visit (/Users/apple/Documents/blog/node_modules/hexo-renderer-stylus/node_modules/stylus/lib/visitor/index.js:28:40)\n    at Evaluator.visit (/Users/apple/Documents/blog/node_modules/hexo-renderer-stylus/node_modules/stylus/lib/visitor/evaluator.js:160:18)\n    at Evaluator.evaluate (/Users/apple/Documents/blog/node_modules/hexo-renderer-stylus/node_modules/stylus/lib/visitor/evaluator.js:247:15)\n    at Renderer.render (/Users/apple/Documents/blog/node_modules/hexo-renderer-stylus/node_modules/stylus/lib/renderer.js:86:26)\n    at Hexo.module.exports (/Users/apple/Documents/blog/node_modules/hexo-renderer-stylus/lib/renderer.js:53:6)\n    at Hexo.tryCatcher (/Users/apple/Documents/blog/node_modules/hexo/node_modules/bluebird/js/release/util.js:16:23)\n    at Hexo.ret (eval at <anonymous> (/usr/local/lib/node_modules/hexo/node_modules/bluebird/js/release/promisify.js:184:12), <anonymous>:13:39)\n    at /Users/apple/Documents/blog/node_modules/hexo/lib/hexo/render.js:61:21\n    at tryCatcher (/Users/apple/Documents/blog/node_modules/hexo/node_modules/bluebird/js/release/util.js:16:23)\n    at Promise._settlePromiseFromHandler (/Users/apple/Documents/blog/node_modules/hexo/node_modules/bluebird/js/release/promise.js:510:31)\n    at Promise._settlePromise (/Users/apple/Documents/blog/node_modules/hexo/node_modules/bluebird/js/release/promise.js:567:18)\n    at Promise._settlePromise0 (/Users/apple/Documents/blog/node_modules/hexo/node_modules/bluebird/js/release/promise.js:612:10)\n    at Promise._settlePromises (/Users/apple/Documents/blog/node_modules/hexo/node_modules/bluebird/js/release/promise.js:691:18)\n    at Async._drainQueue (/Users/apple/Documents/blog/node_modules/hexo/node_modules/bluebird/js/release/async.js:138:16)\n    at Async._drainQueues (/Users/apple/Documents/blog/node_modules/hexo/node_modules/bluebird/js/release/async.js:148:10)\n    at Immediate.Async.drainQueues [as _onImmediate] (/Users/apple/Documents/blog/node_modules/hexo/node_modules/bluebird/js/release/async.js:17:14)\n    at processImmediate [as _immediateCallback] (timers.js:383:17)"},"msg":"Asset render failed: \u001b[35mcss/style.css\u001b[39m","time":"2018-03-10T04:33:32.401Z","v":0}
{"name":"hexo","hostname":"AppledeMacBook-Air-6.local","pid":5750,"level":20,"msg":"Generator: \u001b[35mpage\u001b[39m","time":"2018-03-10T15:17:41.835Z","v":0}
{"name":"hexo","hostname":"AppledeMacBook-Air-6.local","pid":5750,"level":20,"msg":"Generator: \u001b[35mpost\u001b[39m","time":"2018-03-10T15:17:41.836Z","v":0}
{"name":"hexo","hostname":"AppledeMacBook-Air-6.local","pid":5750,"level":20,"msg":"Generator: \u001b[35mcategory\u001b[39m","time":"2018-03-10T15:17:41.837Z","v":0}
{"name":"hexo","hostname":"AppledeMacBook-Air-6.local","pid":5750,"level":20,"msg":"Generator: \u001b[35marchive\u001b[39m","time":"2018-03-10T15:17:41.837Z","v":0}
{"name":"hexo","hostname":"AppledeMacBook-Air-6.local","pid":5750,"level":20,"msg":"Generator: \u001b[35mindex\u001b[39m","time":"2018-03-10T15:17:41.837Z","v":0}
{"name":"hexo","hostname":"AppledeMacBook-Air-6.local","pid":5750,"level":20,"msg":"Generator: \u001b[35mtag\u001b[39m","time":"2018-03-10T15:17:41.837Z","v":0}
{"name":"hexo","hostname":"AppledeMacBook-Air-6.local","pid":5750,"level":20,"msg":"Generator: \u001b[35masset\u001b[39m","time":"2018-03-10T15:17:41.838Z","v":0}
{"name":"hexo","hostname":"AppledeMacBook-Air-6.local","pid":5750,"level":20,"msg":"Generator: \u001b[35mpage\u001b[39m","time":"2018-03-10T15:17:46.456Z","v":0}
{"name":"hexo","hostname":"AppledeMacBook-Air-6.local","pid":5750,"level":20,"msg":"Generator: \u001b[35mpost\u001b[39m","time":"2018-03-10T15:17:46.456Z","v":0}
{"name":"hexo","hostname":"AppledeMacBook-Air-6.local","pid":5750,"level":20,"msg":"Generator: \u001b[35mcategory\u001b[39m","time":"2018-03-10T15:17:46.456Z","v":0}
{"name":"hexo","hostname":"AppledeMacBook-Air-6.local","pid":5750,"level":20,"msg":"Generator: \u001b[35marchive\u001b[39m","time":"2018-03-10T15:17:46.456Z","v":0}
{"name":"hexo","hostname":"AppledeMacBook-Air-6.local","pid":5750,"level":20,"msg":"Generator: \u001b[35mindex\u001b[39m","time":"2018-03-10T15:17:46.457Z","v":0}
{"name":"hexo","hostname":"AppledeMacBook-Air-6.local","pid":5750,"level":20,"msg":"Generator: \u001b[35mtag\u001b[39m","time":"2018-03-10T15:17:46.457Z","v":0}
{"name":"hexo","hostname":"AppledeMacBook-Air-6.local","pid":5750,"level":20,"msg":"Generator: \u001b[35masset\u001b[39m","time":"2018-03-10T15:17:46.457Z","v":0}
{"name":"hexo","hostname":"AppledeMacBook-Air-6.local","pid":5750,"level":20,"msg":"Processed: \u001b[35mlayout/.DS_Store\u001b[39m","time":"2018-03-10T15:59:58.109Z","v":0}
{"name":"hexo","hostname":"AppledeMacBook-Air-6.local","pid":5750,"level":20,"msg":"Generator: \u001b[35mpage\u001b[39m","time":"2018-03-10T15:59:58.335Z","v":0}
{"name":"hexo","hostname":"AppledeMacBook-Air-6.local","pid":5750,"level":20,"msg":"Generator: \u001b[35mpost\u001b[39m","time":"2018-03-10T15:59:58.335Z","v":0}
{"name":"hexo","hostname":"AppledeMacBook-Air-6.local","pid":5750,"level":20,"msg":"Generator: \u001b[35mcategory\u001b[39m","time":"2018-03-10T15:59:58.336Z","v":0}
{"name":"hexo","hostname":"AppledeMacBook-Air-6.local","pid":5750,"level":20,"msg":"Generator: \u001b[35marchive\u001b[39m","time":"2018-03-10T15:59:58.336Z","v":0}
{"name":"hexo","hostname":"AppledeMacBook-Air-6.local","pid":5750,"level":20,"msg":"Generator: \u001b[35mindex\u001b[39m","time":"2018-03-10T15:59:58.336Z","v":0}
{"name":"hexo","hostname":"AppledeMacBook-Air-6.local","pid":5750,"level":20,"msg":"Generator: \u001b[35mtag\u001b[39m","time":"2018-03-10T15:59:58.336Z","v":0}
{"name":"hexo","hostname":"AppledeMacBook-Air-6.local","pid":5750,"level":20,"msg":"Generator: \u001b[35masset\u001b[39m","time":"2018-03-10T15:59:58.337Z","v":0}
{"name":"hexo","hostname":"AppledeMacBook-Air-6.local","pid":5750,"level":20,"msg":"Processed: \u001b[35mlayout/.DS_Store\u001b[39m","time":"2018-03-10T16:00:03.129Z","v":0}
{"name":"hexo","hostname":"AppledeMacBook-Air-6.local","pid":5750,"level":20,"msg":"Generator: \u001b[35mpage\u001b[39m","time":"2018-03-10T16:00:03.272Z","v":0}
{"name":"hexo","hostname":"AppledeMacBook-Air-6.local","pid":5750,"level":20,"msg":"Generator: \u001b[35mpost\u001b[39m","time":"2018-03-10T16:00:03.272Z","v":0}
{"name":"hexo","hostname":"AppledeMacBook-Air-6.local","pid":5750,"level":20,"msg":"Generator: \u001b[35mcategory\u001b[39m","time":"2018-03-10T16:00:03.273Z","v":0}
{"name":"hexo","hostname":"AppledeMacBook-Air-6.local","pid":5750,"level":20,"msg":"Generator: \u001b[35marchive\u001b[39m","time":"2018-03-10T16:00:03.273Z","v":0}
{"name":"hexo","hostname":"AppledeMacBook-Air-6.local","pid":5750,"level":20,"msg":"Generator: \u001b[35mindex\u001b[39m","time":"2018-03-10T16:00:03.274Z","v":0}
{"name":"hexo","hostname":"AppledeMacBook-Air-6.local","pid":5750,"level":20,"msg":"Generator: \u001b[35mtag\u001b[39m","time":"2018-03-10T16:00:03.274Z","v":0}
{"name":"hexo","hostname":"AppledeMacBook-Air-6.local","pid":5750,"level":20,"msg":"Generator: \u001b[35masset\u001b[39m","time":"2018-03-10T16:00:03.275Z","v":0}
{"name":"hexo","hostname":"AppledeMacBook-Air-6.local","pid":5750,"level":20,"msg":"Processed: \u001b[35mlayout/.DS_Store\u001b[39m","time":"2018-03-11T00:18:15.544Z","v":0}
{"name":"hexo","hostname":"AppledeMacBook-Air-6.local","pid":5750,"level":20,"msg":"Generator: \u001b[35mpage\u001b[39m","time":"2018-03-11T00:18:15.869Z","v":0}
{"name":"hexo","hostname":"AppledeMacBook-Air-6.local","pid":5750,"level":20,"msg":"Generator: \u001b[35mpost\u001b[39m","time":"2018-03-11T00:18:15.870Z","v":0}
{"name":"hexo","hostname":"AppledeMacBook-Air-6.local","pid":5750,"level":20,"msg":"Generator: \u001b[35mcategory\u001b[39m","time":"2018-03-11T00:18:15.870Z","v":0}
{"name":"hexo","hostname":"AppledeMacBook-Air-6.local","pid":5750,"level":20,"msg":"Generator: \u001b[35marchive\u001b[39m","time":"2018-03-11T00:18:15.871Z","v":0}
{"name":"hexo","hostname":"AppledeMacBook-Air-6.local","pid":5750,"level":20,"msg":"Generator: \u001b[35mindex\u001b[39m","time":"2018-03-11T00:18:15.871Z","v":0}
{"name":"hexo","hostname":"AppledeMacBook-Air-6.local","pid":5750,"level":20,"msg":"Generator: \u001b[35mtag\u001b[39m","time":"2018-03-11T00:18:15.872Z","v":0}
{"name":"hexo","hostname":"AppledeMacBook-Air-6.local","pid":5750,"level":20,"msg":"Generator: \u001b[35masset\u001b[39m","time":"2018-03-11T00:18:15.872Z","v":0}
{"name":"hexo","hostname":"AppledeMacBook-Air-6.local","pid":5750,"level":20,"msg":"Generator: \u001b[35mpage\u001b[39m","time":"2018-03-11T00:28:52.160Z","v":0}
{"name":"hexo","hostname":"AppledeMacBook-Air-6.local","pid":5750,"level":20,"msg":"Generator: \u001b[35mpost\u001b[39m","time":"2018-03-11T00:28:52.162Z","v":0}
{"name":"hexo","hostname":"AppledeMacBook-Air-6.local","pid":5750,"level":20,"msg":"Generator: \u001b[35mcategory\u001b[39m","time":"2018-03-11T00:28:52.162Z","v":0}
{"name":"hexo","hostname":"AppledeMacBook-Air-6.local","pid":5750,"level":20,"msg":"Generator: \u001b[35marchive\u001b[39m","time":"2018-03-11T00:28:52.162Z","v":0}
{"name":"hexo","hostname":"AppledeMacBook-Air-6.local","pid":5750,"level":20,"msg":"Generator: \u001b[35mindex\u001b[39m","time":"2018-03-11T00:28:52.162Z","v":0}
{"name":"hexo","hostname":"AppledeMacBook-Air-6.local","pid":5750,"level":20,"msg":"Generator: \u001b[35mtag\u001b[39m","time":"2018-03-11T00:28:52.162Z","v":0}
{"name":"hexo","hostname":"AppledeMacBook-Air-6.local","pid":5750,"level":20,"msg":"Generator: \u001b[35masset\u001b[39m","time":"2018-03-11T00:28:52.169Z","v":0}
{"name":"hexo","hostname":"AppledeMacBook-Air-6.local","pid":5750,"level":20,"msg":"Processed: \u001b[35mlayout/.DS_Store\u001b[39m","time":"2018-03-11T00:29:31.730Z","v":0}
{"name":"hexo","hostname":"AppledeMacBook-Air-6.local","pid":5750,"level":20,"msg":"Generator: \u001b[35mpage\u001b[39m","time":"2018-03-11T00:29:31.894Z","v":0}
{"name":"hexo","hostname":"AppledeMacBook-Air-6.local","pid":5750,"level":20,"msg":"Generator: \u001b[35mpost\u001b[39m","time":"2018-03-11T00:29:31.902Z","v":0}
{"name":"hexo","hostname":"AppledeMacBook-Air-6.local","pid":5750,"level":20,"msg":"Generator: \u001b[35mcategory\u001b[39m","time":"2018-03-11T00:29:31.903Z","v":0}
{"name":"hexo","hostname":"AppledeMacBook-Air-6.local","pid":5750,"level":20,"msg":"Generator: \u001b[35marchive\u001b[39m","time":"2018-03-11T00:29:31.903Z","v":0}
{"name":"hexo","hostname":"AppledeMacBook-Air-6.local","pid":5750,"level":20,"msg":"Generator: \u001b[35mindex\u001b[39m","time":"2018-03-11T00:29:31.904Z","v":0}
{"name":"hexo","hostname":"AppledeMacBook-Air-6.local","pid":5750,"level":20,"msg":"Generator: \u001b[35mtag\u001b[39m","time":"2018-03-11T00:29:31.904Z","v":0}
{"name":"hexo","hostname":"AppledeMacBook-Air-6.local","pid":5750,"level":20,"msg":"Generator: \u001b[35masset\u001b[39m","time":"2018-03-11T00:29:31.904Z","v":0}
{"name":"hexo","hostname":"AppledeMacBook-Air-6.local","pid":5750,"level":20,"msg":"Generator: \u001b[35mpage\u001b[39m","time":"2018-03-11T00:29:37.128Z","v":0}
{"name":"hexo","hostname":"AppledeMacBook-Air-6.local","pid":5750,"level":20,"msg":"Generator: \u001b[35mpost\u001b[39m","time":"2018-03-11T00:29:37.129Z","v":0}
{"name":"hexo","hostname":"AppledeMacBook-Air-6.local","pid":5750,"level":20,"msg":"Generator: \u001b[35mcategory\u001b[39m","time":"2018-03-11T00:29:37.129Z","v":0}
{"name":"hexo","hostname":"AppledeMacBook-Air-6.local","pid":5750,"level":20,"msg":"Generator: \u001b[35marchive\u001b[39m","time":"2018-03-11T00:29:37.130Z","v":0}
{"name":"hexo","hostname":"AppledeMacBook-Air-6.local","pid":5750,"level":20,"msg":"Generator: \u001b[35mindex\u001b[39m","time":"2018-03-11T00:29:37.131Z","v":0}
{"name":"hexo","hostname":"AppledeMacBook-Air-6.local","pid":5750,"level":20,"msg":"Generator: \u001b[35mtag\u001b[39m","time":"2018-03-11T00:29:37.131Z","v":0}
{"name":"hexo","hostname":"AppledeMacBook-Air-6.local","pid":5750,"level":20,"msg":"Generator: \u001b[35masset\u001b[39m","time":"2018-03-11T00:29:37.132Z","v":0}
